<?xml version="1.0" encoding="UTF-8"?>
<testng-results total="3" passed="3" failed="0" skipped="0">
  <reporter-output>
  </reporter-output>
  <suite started-at="2022-07-19T12:21:36Z" name="Default suite" finished-at="2022-07-19T12:21:36Z" duration-ms="77">
    <groups>
    </groups>
    <test started-at="2022-07-19T12:21:36Z" name="Default test" finished-at="2022-07-19T12:21:36Z" duration-ms="77">
      <class name="com.Testng.practice.PracticeTest">
        <test-method signature="Test1()[pri:1, instance:com.Testng.practice.PracticeTest@be68757]" started-at="2022-07-19T17:51:36Z" name="Test1" finished-at="2022-07-19T17:51:36Z" duration-ms="25" status="PASS">
          <reporter-output>
          </reporter-output>
        </test-method> <!-- Test1 -->
        <test-method signature="Test2()[pri:2, instance:com.Testng.practice.PracticeTest@be68757]" started-at="2022-07-19T17:51:36Z" name="Test2" finished-at="2022-07-19T17:51:36Z" duration-ms="5" status="PASS">
          <reporter-output>
          </reporter-output>
        </test-method> <!-- Test2 -->
        <test-method signature="Test2()[pri:2, instance:com.Testng.practice.PracticeTest@be68757]" started-at="2022-07-19T17:51:36Z" name="Test2" finished-at="2022-07-19T17:51:36Z" duration-ms="5" status="PASS">
          <reporter-output>
          </reporter-output>
        </test-method> <!-- Test2 -->
      </class> <!-- com.Testng.practice.PracticeTest -->
    </test> <!-- Default test -->
  </suite> <!-- Default suite -->
</testng-results>
