<?xml version="1.0" encoding="UTF-8"?>
<!-- Generated by org.testng.reporters.JUnitXMLReporter -->
<testsuite hostname="DESKTOP-CU5DURS" failures="0" tests="3" name="Default test" time="0.077" errors="0" timestamp="19 Jul 2022 12:21:36 GMT">
  <testcase classname="com.Testng.practice.PracticeTest" name="Test1" time="0.025"/>
  <testcase classname="com.Testng.practice.PracticeTest" name="Test2" time="0.005"/>
  <testcase classname="com.Testng.practice.PracticeTest" name="Test2" time="0.005"/>
</testsuite> <!-- Default test -->
